{"uuid":"84efc558-3468-4830-9b49-8c830caf4c58","historyId":"a6ecf69ff26964f67b95e6cd1eb4280","testCaseId":"8865afddb1b68272102bbea898897cc6","fullName":"src/test/resources/features/HomePage.feature:73","labels":[{"name":"tag","value":"run"},{"name":"host","value":"Sridhars-MacBook-Pro.local"},{"name":"thread","value":"7696@Sridhars-MacBook-Pro.local.TestNG-PoolService-6(34)"},{"name":"feature","value":"DS Algo Portal - Home Page and Navigation"},{"name":"story","value":"Verify navigation to \"Array\" introduction page from dropdown options after sign-in"},{"name":"suite","value":"DS Algo Portal - Home Page and Navigation"},{"name":"testClass","value":"Verify navigation to \"Array\" introduction page from dropdown options after sign-in"},{"name":"framework","value":"cucumber4jvm"},{"name":"language","value":"java"},{"name":"gherkin_uri","value":"file:///Users/kusumas/eclipse-workspace/dsportal-automation/src/test/resources/features/HomePage.feature"},{"name":"package","value":"src.test.resources.features.HomePage_feature.DS Algo Portal - Home Page and Navigation"}],"links":[],"name":"Verify navigation to \"Array\" introduction page from dropdown options after sign-in","status":"broken","statusDetails":{"known":false,"muted":false,"flaky":false,"message":"stale element reference: stale element not found\n  (Session info: chrome=138.0.7204.184)\nFor documentation on this error, please visit: https://www.selenium.dev/documentation/webdriver/troubleshooting/errors#stale-element-reference-exception\nBuild info: version: '4.31.0', revision: '1ef9f18787*'\nSystem info: os.name: 'Mac OS X', os.arch: 'x86_64', os.version: '15.4.1', java.version: '21.0.2'\nDriver info: org.openqa.selenium.chrome.ChromeDriver\nCommand: [ff4dddd152fc3b8a50785d97e7f20b94, clickElement {id=f.A43CC58B913B47F76FF49EFD280648DF.d.D82B7D44DCCF6D558795B86DF537E02B.e.21}]\nCapabilities {acceptInsecureCerts: false, browserName: chrome, browserVersion: 138.0.7204.184, chrome: {chromedriverVersion: 138.0.7204.183 (e90faf484dd..., userDataDir: /var/folders/mh/4_0srypd02d...}, fedcm:accounts: true, goog:chromeOptions: {debuggerAddress: localhost:58120}, networkConnectionEnabled: false, pageLoadStrategy: normal, platformName: mac, proxy: Proxy(), se:cdp: ws://localhost:58120/devtoo..., se:cdpVersion: 138.0.7204.184, setWindowRect: true, strictFileInteractability: false, timeouts: {implicit: 0, pageLoad: 300000, script: 30000}, unhandledPromptBehavior: dismiss and notify, webauthn:extension:credBlob: true, webauthn:extension:largeBlob: true, webauthn:extension:minPinLength: true, webauthn:extension:prf: true, webauthn:virtualAuthenticators: true}\nElement: [[ChromeDriver: chrome on mac (ff4dddd152fc3b8a50785d97e7f20b94)] -> xpath: //*[text()='Data Structures']]\nSession ID: ff4dddd152fc3b8a50785d97e7f20b94","trace":"org.openqa.selenium.StaleElementReferenceException: stale element reference: stale element not found\n  (Session info: chrome=138.0.7204.184)\nFor documentation on this error, please visit: https://www.selenium.dev/documentation/webdriver/troubleshooting/errors#stale-element-reference-exception\nBuild info: version: '4.31.0', revision: '1ef9f18787*'\nSystem info: os.name: 'Mac OS X', os.arch: 'x86_64', os.version: '15.4.1', java.version: '21.0.2'\nDriver info: org.openqa.selenium.chrome.ChromeDriver\nCommand: [ff4dddd152fc3b8a50785d97e7f20b94, clickElement {id=f.A43CC58B913B47F76FF49EFD280648DF.d.D82B7D44DCCF6D558795B86DF537E02B.e.21}]\nCapabilities {acceptInsecureCerts: false, browserName: chrome, browserVersion: 138.0.7204.184, chrome: {chromedriverVersion: 138.0.7204.183 (e90faf484dd..., userDataDir: /var/folders/mh/4_0srypd02d...}, fedcm:accounts: true, goog:chromeOptions: {debuggerAddress: localhost:58120}, networkConnectionEnabled: false, pageLoadStrategy: normal, platformName: mac, proxy: Proxy(), se:cdp: ws://localhost:58120/devtoo..., se:cdpVersion: 138.0.7204.184, setWindowRect: true, strictFileInteractability: false, timeouts: {implicit: 0, pageLoad: 300000, script: 30000}, unhandledPromptBehavior: dismiss and notify, webauthn:extension:credBlob: true, webauthn:extension:largeBlob: true, webauthn:extension:minPinLength: true, webauthn:extension:prf: true, webauthn:virtualAuthenticators: true}\nElement: [[ChromeDriver: chrome on mac (ff4dddd152fc3b8a50785d97e7f20b94)] -> xpath: //*[text()='Data Structures']]\nSession ID: ff4dddd152fc3b8a50785d97e7f20b94\n\tat java.base/jdk.internal.reflect.DirectConstructorHandleAccessor.newInstance(DirectConstructorHandleAccessor.java:62)\n\tat java.base/java.lang.reflect.Constructor.newInstanceWithCaller(Constructor.java:502)\n\tat java.base/java.lang.reflect.Constructor.newInstance(Constructor.java:486)\n\tat org.openqa.selenium.remote.ErrorCodec.decode(ErrorCodec.java:167)\n\tat org.openqa.selenium.remote.codec.w3c.W3CHttpResponseCodec.decode(W3CHttpResponseCodec.java:138)\n\tat org.openqa.selenium.remote.codec.w3c.W3CHttpResponseCodec.decode(W3CHttpResponseCodec.java:50)\n\tat org.openqa.selenium.remote.HttpCommandExecutor.execute(HttpCommandExecutor.java:215)\n\tat org.openqa.selenium.remote.service.DriverCommandExecutor.invokeExecute(DriverCommandExecutor.java:216)\n\tat org.openqa.selenium.remote.service.DriverCommandExecutor.execute(DriverCommandExecutor.java:174)\n\tat org.openqa.selenium.remote.RemoteWebDriver.execute(RemoteWebDriver.java:545)\n\tat org.openqa.selenium.remote.RemoteWebElement.execute(RemoteWebElement.java:223)\n\tat org.openqa.selenium.remote.RemoteWebElement.click(RemoteWebElement.java:76)\n\tat pageobjects.HomePage.getDataStructureDropdown(HomePage.java:95)\n\tat pageobjects.HomePage.clickDropDown(HomePage.java:100)\n\tat pageobjects.HomePage.afterSignin_DropDown(HomePage.java:181)\n\tat stepdefinition.HomePageSteps.the_user_selects_from_the_data_structures_dropdown_after_sign_in(HomePageSteps.java:127)\n\tat ✽.the user selects \"Array\" from the dropdown after sign-in(file:///Users/kusumas/eclipse-workspace/dsportal-automation/src/test/resources/features/HomePage.feature:68)\n"},"stage":"finished","steps":[{"name":"Given the user is on the Home page after sign-in","status":"passed","statusDetails":{"known":false,"muted":false,"flaky":false},"stage":"finished","steps":[],"attachments":[],"parameters":[],"start":1754334374260,"stop":1754334379265},{"name":"When the user selects \"Array\" from the dropdown after sign-in","status":"broken","statusDetails":{"known":false,"muted":false,"flaky":false,"message":"stale element reference: stale element not found\n  (Session info: chrome=138.0.7204.184)\nFor documentation on this error, please visit: https://www.selenium.dev/documentation/webdriver/troubleshooting/errors#stale-element-reference-exception\nBuild info: version: '4.31.0', revision: '1ef9f18787*'\nSystem info: os.name: 'Mac OS X', os.arch: 'x86_64', os.version: '15.4.1', java.version: '21.0.2'\nDriver info: org.openqa.selenium.chrome.ChromeDriver\nCommand: [ff4dddd152fc3b8a50785d97e7f20b94, clickElement {id=f.A43CC58B913B47F76FF49EFD280648DF.d.D82B7D44DCCF6D558795B86DF537E02B.e.21}]\nCapabilities {acceptInsecureCerts: false, browserName: chrome, browserVersion: 138.0.7204.184, chrome: {chromedriverVersion: 138.0.7204.183 (e90faf484dd..., userDataDir: /var/folders/mh/4_0srypd02d...}, fedcm:accounts: true, goog:chromeOptions: {debuggerAddress: localhost:58120}, networkConnectionEnabled: false, pageLoadStrategy: normal, platformName: mac, proxy: Proxy(), se:cdp: ws://localhost:58120/devtoo..., se:cdpVersion: 138.0.7204.184, setWindowRect: true, strictFileInteractability: false, timeouts: {implicit: 0, pageLoad: 300000, script: 30000}, unhandledPromptBehavior: dismiss and notify, webauthn:extension:credBlob: true, webauthn:extension:largeBlob: true, webauthn:extension:minPinLength: true, webauthn:extension:prf: true, webauthn:virtualAuthenticators: true}\nElement: [[ChromeDriver: chrome on mac (ff4dddd152fc3b8a50785d97e7f20b94)] -> xpath: //*[text()='Data Structures']]\nSession ID: ff4dddd152fc3b8a50785d97e7f20b94","trace":"org.openqa.selenium.StaleElementReferenceException: stale element reference: stale element not found\n  (Session info: chrome=138.0.7204.184)\nFor documentation on this error, please visit: https://www.selenium.dev/documentation/webdriver/troubleshooting/errors#stale-element-reference-exception\nBuild info: version: '4.31.0', revision: '1ef9f18787*'\nSystem info: os.name: 'Mac OS X', os.arch: 'x86_64', os.version: '15.4.1', java.version: '21.0.2'\nDriver info: org.openqa.selenium.chrome.ChromeDriver\nCommand: [ff4dddd152fc3b8a50785d97e7f20b94, clickElement {id=f.A43CC58B913B47F76FF49EFD280648DF.d.D82B7D44DCCF6D558795B86DF537E02B.e.21}]\nCapabilities {acceptInsecureCerts: false, browserName: chrome, browserVersion: 138.0.7204.184, chrome: {chromedriverVersion: 138.0.7204.183 (e90faf484dd..., userDataDir: /var/folders/mh/4_0srypd02d...}, fedcm:accounts: true, goog:chromeOptions: {debuggerAddress: localhost:58120}, networkConnectionEnabled: false, pageLoadStrategy: normal, platformName: mac, proxy: Proxy(), se:cdp: ws://localhost:58120/devtoo..., se:cdpVersion: 138.0.7204.184, setWindowRect: true, strictFileInteractability: false, timeouts: {implicit: 0, pageLoad: 300000, script: 30000}, unhandledPromptBehavior: dismiss and notify, webauthn:extension:credBlob: true, webauthn:extension:largeBlob: true, webauthn:extension:minPinLength: true, webauthn:extension:prf: true, webauthn:virtualAuthenticators: true}\nElement: [[ChromeDriver: chrome on mac (ff4dddd152fc3b8a50785d97e7f20b94)] -> xpath: //*[text()='Data Structures']]\nSession ID: ff4dddd152fc3b8a50785d97e7f20b94\n\tat java.base/jdk.internal.reflect.DirectConstructorHandleAccessor.newInstance(DirectConstructorHandleAccessor.java:62)\n\tat java.base/java.lang.reflect.Constructor.newInstanceWithCaller(Constructor.java:502)\n\tat java.base/java.lang.reflect.Constructor.newInstance(Constructor.java:486)\n\tat org.openqa.selenium.remote.ErrorCodec.decode(ErrorCodec.java:167)\n\tat org.openqa.selenium.remote.codec.w3c.W3CHttpResponseCodec.decode(W3CHttpResponseCodec.java:138)\n\tat org.openqa.selenium.remote.codec.w3c.W3CHttpResponseCodec.decode(W3CHttpResponseCodec.java:50)\n\tat org.openqa.selenium.remote.HttpCommandExecutor.execute(HttpCommandExecutor.java:215)\n\tat org.openqa.selenium.remote.service.DriverCommandExecutor.invokeExecute(DriverCommandExecutor.java:216)\n\tat org.openqa.selenium.remote.service.DriverCommandExecutor.execute(DriverCommandExecutor.java:174)\n\tat org.openqa.selenium.remote.RemoteWebDriver.execute(RemoteWebDriver.java:545)\n\tat org.openqa.selenium.remote.RemoteWebElement.execute(RemoteWebElement.java:223)\n\tat org.openqa.selenium.remote.RemoteWebElement.click(RemoteWebElement.java:76)\n\tat pageobjects.HomePage.getDataStructureDropdown(HomePage.java:95)\n\tat pageobjects.HomePage.clickDropDown(HomePage.java:100)\n\tat pageobjects.HomePage.afterSignin_DropDown(HomePage.java:181)\n\tat stepdefinition.HomePageSteps.the_user_selects_from_the_data_structures_dropdown_after_sign_in(HomePageSteps.java:127)\n\tat ✽.the user selects \"Array\" from the dropdown after sign-in(file:///Users/kusumas/eclipse-workspace/dsportal-automation/src/test/resources/features/HomePage.feature:68)\n"},"stage":"finished","steps":[],"attachments":[],"parameters":[],"start":1754334379265,"stop":1754334380125},{"name":"Then the user should be navigated to the introduction page for \"Array\"","status":"skipped","statusDetails":{"known":false,"muted":false,"flaky":false},"stage":"finished","steps":[],"attachments":[],"parameters":[],"start":1754334380127,"stop":1754334380127}],"attachments":[],"parameters":[{"name":"option","value":"Array"}],"start":1754334367089,"stop":1754334382992}