<?xml version="1.0" encoding="UTF-8"?>
<testng-results ignored="0" total="30" passed="30" failed="0" skipped="0">
  <reporter-output>
  </reporter-output>
  <suite started-at="2025-07-23T16:24:12 MDT" name="Surefire suite" finished-at="2025-07-23T16:25:43 MDT" duration-ms="91610">
    <groups>
      <group name="cucumber">
        <method signature="AbstractTestNGCucumberTests.runScenario(io.cucumber.testng.PickleWrapper,io.cucumber.testng.FeatureWrapper)[pri:0, instance:runner.TestRunner@1725dc0f]" name="runScenario" class="io.cucumber.testng.AbstractTestNGCucumberTests"/>
      </group> <!-- cucumber -->
    </groups>
    <test started-at="2025-07-23T16:24:12 MDT" name="Surefire test" finished-at="2025-07-23T16:25:43 MDT" duration-ms="91610">
      <class name="runner.TestRunner">
        <test-method is-config="true" signature="setUpClass(org.testng.ITestContext)[pri:0, instance:runner.TestRunner@1725dc0f]" started-at="2025-07-23T16:24:12 MDT" name="setUpClass" finished-at="2025-07-23T16:24:12 MDT" duration-ms="487" status="PASS">
          <params>
            <param index="0">
              <value>
                <![CDATA[org.testng.TestRunner@182e4365]]>
              </value>
            </param>
          </params>
          <reporter-output>
          </reporter-output>
        </test-method> <!-- setUpClass -->
        <test-method signature="runScenario(io.cucumber.testng.PickleWrapper,io.cucumber.testng.FeatureWrapper)[pri:0, instance:runner.TestRunner@1725dc0f]" started-at="2025-07-23T16:24:12 MDT" name="runScenario" description="Runs Cucumber Scenarios" data-provider="scenarios" finished-at="2025-07-23T16:24:16 MDT" duration-ms="3576" status="PASS">
          <params>
            <param index="0">
              <value>
                <![CDATA["Verify the user can open the DS Algo portal"]]>
              </value>
            </param>
            <param index="1">
              <value>
                <![CDATA["DS Algo Portal - Home Page and Navigation"]]>
              </value>
            </param>
          </params>
          <reporter-output>
          </reporter-output>
        </test-method> <!-- runScenario -->
        <test-method signature="runScenario(io.cucumber.testng.PickleWrapper,io.cucumber.testng.FeatureWrapper)[pri:0, instance:runner.TestRunner@1725dc0f]" started-at="2025-07-23T16:24:16 MDT" name="runScenario" description="Runs Cucumber Scenarios" data-provider="scenarios" finished-at="2025-07-23T16:24:18 MDT" duration-ms="2587" status="PASS">
          <params>
            <param index="0">
              <value>
                <![CDATA["Verify the Home page for a user without signing in"]]>
              </value>
            </param>
            <param index="1">
              <value>
                <![CDATA["DS Algo Portal - Home Page and Navigation"]]>
              </value>
            </param>
          </params>
          <reporter-output>
          </reporter-output>
        </test-method> <!-- runScenario -->
        <test-method signature="runScenario(io.cucumber.testng.PickleWrapper,io.cucumber.testng.FeatureWrapper)[pri:0, instance:runner.TestRunner@1725dc0f]" started-at="2025-07-23T16:24:18 MDT" name="runScenario" description="Runs Cucumber Scenarios" data-provider="scenarios" finished-at="2025-07-23T16:24:21 MDT" duration-ms="2684" status="PASS">
          <params>
            <param index="0">
              <value>
                <![CDATA["Verify the user is able to navigate to the Register page without signing in"]]>
              </value>
            </param>
            <param index="1">
              <value>
                <![CDATA["DS Algo Portal - Home Page and Navigation"]]>
              </value>
            </param>
          </params>
          <reporter-output>
          </reporter-output>
        </test-method> <!-- runScenario -->
        <test-method signature="runScenario(io.cucumber.testng.PickleWrapper,io.cucumber.testng.FeatureWrapper)[pri:0, instance:runner.TestRunner@1725dc0f]" started-at="2025-07-23T16:24:21 MDT" name="runScenario" description="Runs Cucumber Scenarios" data-provider="scenarios" finished-at="2025-07-23T16:24:24 MDT" duration-ms="2586" status="PASS">
          <params>
            <param index="0">
              <value>
                <![CDATA["Verify the user is able to navigate to the Sign-in page without signing in"]]>
              </value>
            </param>
            <param index="1">
              <value>
                <![CDATA["DS Algo Portal - Home Page and Navigation"]]>
              </value>
            </param>
          </params>
          <reporter-output>
          </reporter-output>
        </test-method> <!-- runScenario -->
        <test-method signature="runScenario(io.cucumber.testng.PickleWrapper,io.cucumber.testng.FeatureWrapper)[pri:0, instance:runner.TestRunner@1725dc0f]" started-at="2025-07-23T16:24:24 MDT" name="runScenario" description="Runs Cucumber Scenarios" data-provider="scenarios" finished-at="2025-07-23T16:24:27 MDT" duration-ms="2787" status="PASS">
          <params>
            <param index="0">
              <value>
                <![CDATA["Verify that user able to see warning message when selecting "Array" from dropdown without signing in"]]>
              </value>
            </param>
            <param index="1">
              <value>
                <![CDATA["DS Algo Portal - Home Page and Navigation"]]>
              </value>
            </param>
          </params>
          <reporter-output>
          </reporter-output>
        </test-method> <!-- runScenario -->
        <test-method signature="runScenario(io.cucumber.testng.PickleWrapper,io.cucumber.testng.FeatureWrapper)[pri:0, instance:runner.TestRunner@1725dc0f]" started-at="2025-07-23T16:24:27 MDT" name="runScenario" description="Runs Cucumber Scenarios" data-provider="scenarios" finished-at="2025-07-23T16:24:29 MDT" duration-ms="2715" status="PASS">
          <params>
            <param index="0">
              <value>
                <![CDATA["Verify that user able to see warning message when selecting "Linked List" from dropdown without signing in"]]>
              </value>
            </param>
            <param index="1">
              <value>
                <![CDATA["DS Algo Portal - Home Page and Navigation"]]>
              </value>
            </param>
          </params>
          <reporter-output>
          </reporter-output>
        </test-method> <!-- runScenario -->
        <test-method signature="runScenario(io.cucumber.testng.PickleWrapper,io.cucumber.testng.FeatureWrapper)[pri:0, instance:runner.TestRunner@1725dc0f]" started-at="2025-07-23T16:24:29 MDT" name="runScenario" description="Runs Cucumber Scenarios" data-provider="scenarios" finished-at="2025-07-23T16:24:32 MDT" duration-ms="2762" status="PASS">
          <params>
            <param index="0">
              <value>
                <![CDATA["Verify that user able to see warning message when selecting "Stack" from dropdown without signing in"]]>
              </value>
            </param>
            <param index="1">
              <value>
                <![CDATA["DS Algo Portal - Home Page and Navigation"]]>
              </value>
            </param>
          </params>
          <reporter-output>
          </reporter-output>
        </test-method> <!-- runScenario -->
        <test-method signature="runScenario(io.cucumber.testng.PickleWrapper,io.cucumber.testng.FeatureWrapper)[pri:0, instance:runner.TestRunner@1725dc0f]" started-at="2025-07-23T16:24:32 MDT" name="runScenario" description="Runs Cucumber Scenarios" data-provider="scenarios" finished-at="2025-07-23T16:24:35 MDT" duration-ms="2798" status="PASS">
          <params>
            <param index="0">
              <value>
                <![CDATA["Verify that user able to see warning message when selecting "Queue" from dropdown without signing in"]]>
              </value>
            </param>
            <param index="1">
              <value>
                <![CDATA["DS Algo Portal - Home Page and Navigation"]]>
              </value>
            </param>
          </params>
          <reporter-output>
          </reporter-output>
        </test-method> <!-- runScenario -->
        <test-method signature="runScenario(io.cucumber.testng.PickleWrapper,io.cucumber.testng.FeatureWrapper)[pri:0, instance:runner.TestRunner@1725dc0f]" started-at="2025-07-23T16:24:35 MDT" name="runScenario" description="Runs Cucumber Scenarios" data-provider="scenarios" finished-at="2025-07-23T16:24:38 MDT" duration-ms="2702" status="PASS">
          <params>
            <param index="0">
              <value>
                <![CDATA["Verify that user able to see warning message when selecting "Tree" from dropdown without signing in"]]>
              </value>
            </param>
            <param index="1">
              <value>
                <![CDATA["DS Algo Portal - Home Page and Navigation"]]>
              </value>
            </param>
          </params>
          <reporter-output>
          </reporter-output>
        </test-method> <!-- runScenario -->
        <test-method signature="runScenario(io.cucumber.testng.PickleWrapper,io.cucumber.testng.FeatureWrapper)[pri:0, instance:runner.TestRunner@1725dc0f]" started-at="2025-07-23T16:24:38 MDT" name="runScenario" description="Runs Cucumber Scenarios" data-provider="scenarios" finished-at="2025-07-23T16:24:40 MDT" duration-ms="2689" status="PASS">
          <params>
            <param index="0">
              <value>
                <![CDATA["Verify that user able to see warning message when selecting "Graph" from dropdown without signing in"]]>
              </value>
            </param>
            <param index="1">
              <value>
                <![CDATA["DS Algo Portal - Home Page and Navigation"]]>
              </value>
            </param>
          </params>
          <reporter-output>
          </reporter-output>
        </test-method> <!-- runScenario -->
        <test-method signature="runScenario(io.cucumber.testng.PickleWrapper,io.cucumber.testng.FeatureWrapper)[pri:0, instance:runner.TestRunner@1725dc0f]" started-at="2025-07-23T16:24:40 MDT" name="runScenario" description="Runs Cucumber Scenarios" data-provider="scenarios" finished-at="2025-07-23T16:24:43 MDT" duration-ms="2622" status="PASS">
          <params>
            <param index="0">
              <value>
                <![CDATA["Verify that user able to see warning message on clicking  "Data Structures-Introduction" Get Started button without signing in"]]>
              </value>
            </param>
            <param index="1">
              <value>
                <![CDATA["DS Algo Portal - Home Page and Navigation"]]>
              </value>
            </param>
          </params>
          <reporter-output>
          </reporter-output>
        </test-method> <!-- runScenario -->
        <test-method signature="runScenario(io.cucumber.testng.PickleWrapper,io.cucumber.testng.FeatureWrapper)[pri:0, instance:runner.TestRunner@1725dc0f]" started-at="2025-07-23T16:24:43 MDT" name="runScenario" description="Runs Cucumber Scenarios" data-provider="scenarios" finished-at="2025-07-23T16:24:46 MDT" duration-ms="2762" status="PASS">
          <params>
            <param index="0">
              <value>
                <![CDATA["Verify that user able to see warning message on clicking  "Array" Get Started button without signing in"]]>
              </value>
            </param>
            <param index="1">
              <value>
                <![CDATA["DS Algo Portal - Home Page and Navigation"]]>
              </value>
            </param>
          </params>
          <reporter-output>
          </reporter-output>
        </test-method> <!-- runScenario -->
        <test-method signature="runScenario(io.cucumber.testng.PickleWrapper,io.cucumber.testng.FeatureWrapper)[pri:0, instance:runner.TestRunner@1725dc0f]" started-at="2025-07-23T16:24:46 MDT" name="runScenario" description="Runs Cucumber Scenarios" data-provider="scenarios" finished-at="2025-07-23T16:24:48 MDT" duration-ms="2506" status="PASS">
          <params>
            <param index="0">
              <value>
                <![CDATA["Verify that user able to see warning message on clicking  "Linked List" Get Started button without signing in"]]>
              </value>
            </param>
            <param index="1">
              <value>
                <![CDATA["DS Algo Portal - Home Page and Navigation"]]>
              </value>
            </param>
          </params>
          <reporter-output>
          </reporter-output>
        </test-method> <!-- runScenario -->
        <test-method signature="runScenario(io.cucumber.testng.PickleWrapper,io.cucumber.testng.FeatureWrapper)[pri:0, instance:runner.TestRunner@1725dc0f]" started-at="2025-07-23T16:24:48 MDT" name="runScenario" description="Runs Cucumber Scenarios" data-provider="scenarios" finished-at="2025-07-23T16:24:51 MDT" duration-ms="2426" status="PASS">
          <params>
            <param index="0">
              <value>
                <![CDATA["Verify that user able to see warning message on clicking  "Stack" Get Started button without signing in"]]>
              </value>
            </param>
            <param index="1">
              <value>
                <![CDATA["DS Algo Portal - Home Page and Navigation"]]>
              </value>
            </param>
          </params>
          <reporter-output>
          </reporter-output>
        </test-method> <!-- runScenario -->
        <test-method signature="runScenario(io.cucumber.testng.PickleWrapper,io.cucumber.testng.FeatureWrapper)[pri:0, instance:runner.TestRunner@1725dc0f]" started-at="2025-07-23T16:24:51 MDT" name="runScenario" description="Runs Cucumber Scenarios" data-provider="scenarios" finished-at="2025-07-23T16:24:53 MDT" duration-ms="2488" status="PASS">
          <params>
            <param index="0">
              <value>
                <![CDATA["Verify that user able to see warning message on clicking  "Queue" Get Started button without signing in"]]>
              </value>
            </param>
            <param index="1">
              <value>
                <![CDATA["DS Algo Portal - Home Page and Navigation"]]>
              </value>
            </param>
          </params>
          <reporter-output>
          </reporter-output>
        </test-method> <!-- runScenario -->
        <test-method signature="runScenario(io.cucumber.testng.PickleWrapper,io.cucumber.testng.FeatureWrapper)[pri:0, instance:runner.TestRunner@1725dc0f]" started-at="2025-07-23T16:24:53 MDT" name="runScenario" description="Runs Cucumber Scenarios" data-provider="scenarios" finished-at="2025-07-23T16:24:55 MDT" duration-ms="2430" status="PASS">
          <params>
            <param index="0">
              <value>
                <![CDATA["Verify that user able to see warning message on clicking  "Tree" Get Started button without signing in"]]>
              </value>
            </param>
            <param index="1">
              <value>
                <![CDATA["DS Algo Portal - Home Page and Navigation"]]>
              </value>
            </param>
          </params>
          <reporter-output>
          </reporter-output>
        </test-method> <!-- runScenario -->
        <test-method signature="runScenario(io.cucumber.testng.PickleWrapper,io.cucumber.testng.FeatureWrapper)[pri:0, instance:runner.TestRunner@1725dc0f]" started-at="2025-07-23T16:24:55 MDT" name="runScenario" description="Runs Cucumber Scenarios" data-provider="scenarios" finished-at="2025-07-23T16:24:58 MDT" duration-ms="2458" status="PASS">
          <params>
            <param index="0">
              <value>
                <![CDATA["Verify that user able to see warning message on clicking  "Graph" Get Started button without signing in"]]>
              </value>
            </param>
            <param index="1">
              <value>
                <![CDATA["DS Algo Portal - Home Page and Navigation"]]>
              </value>
            </param>
          </params>
          <reporter-output>
          </reporter-output>
        </test-method> <!-- runScenario -->
        <test-method signature="runScenario(io.cucumber.testng.PickleWrapper,io.cucumber.testng.FeatureWrapper)[pri:0, instance:runner.TestRunner@1725dc0f]" started-at="2025-07-23T16:24:58 MDT" name="runScenario" description="Runs Cucumber Scenarios" data-provider="scenarios" finished-at="2025-07-23T16:25:01 MDT" duration-ms="3588" status="PASS">
          <params>
            <param index="0">
              <value>
                <![CDATA["Verify navigation to "Array" introduction page from dropdown options after sign-in"]]>
              </value>
            </param>
            <param index="1">
              <value>
                <![CDATA["DS Algo Portal - Home Page and Navigation"]]>
              </value>
            </param>
          </params>
          <reporter-output>
          </reporter-output>
        </test-method> <!-- runScenario -->
        <test-method signature="runScenario(io.cucumber.testng.PickleWrapper,io.cucumber.testng.FeatureWrapper)[pri:0, instance:runner.TestRunner@1725dc0f]" started-at="2025-07-23T16:25:01 MDT" name="runScenario" description="Runs Cucumber Scenarios" data-provider="scenarios" finished-at="2025-07-23T16:25:05 MDT" duration-ms="3686" status="PASS">
          <params>
            <param index="0">
              <value>
                <![CDATA["Verify navigation to "Linked List" introduction page from dropdown options after sign-in"]]>
              </value>
            </param>
            <param index="1">
              <value>
                <![CDATA["DS Algo Portal - Home Page and Navigation"]]>
              </value>
            </param>
          </params>
          <reporter-output>
          </reporter-output>
        </test-method> <!-- runScenario -->
        <test-method signature="runScenario(io.cucumber.testng.PickleWrapper,io.cucumber.testng.FeatureWrapper)[pri:0, instance:runner.TestRunner@1725dc0f]" started-at="2025-07-23T16:25:05 MDT" name="runScenario" description="Runs Cucumber Scenarios" data-provider="scenarios" finished-at="2025-07-23T16:25:09 MDT" duration-ms="3645" status="PASS">
          <params>
            <param index="0">
              <value>
                <![CDATA["Verify navigation to "Stack" introduction page from dropdown options after sign-in"]]>
              </value>
            </param>
            <param index="1">
              <value>
                <![CDATA["DS Algo Portal - Home Page and Navigation"]]>
              </value>
            </param>
          </params>
          <reporter-output>
          </reporter-output>
        </test-method> <!-- runScenario -->
        <test-method signature="runScenario(io.cucumber.testng.PickleWrapper,io.cucumber.testng.FeatureWrapper)[pri:0, instance:runner.TestRunner@1725dc0f]" started-at="2025-07-23T16:25:09 MDT" name="runScenario" description="Runs Cucumber Scenarios" data-provider="scenarios" finished-at="2025-07-23T16:25:12 MDT" duration-ms="3451" status="PASS">
          <params>
            <param index="0">
              <value>
                <![CDATA["Verify navigation to "Queue" introduction page from dropdown options after sign-in"]]>
              </value>
            </param>
            <param index="1">
              <value>
                <![CDATA["DS Algo Portal - Home Page and Navigation"]]>
              </value>
            </param>
          </params>
          <reporter-output>
          </reporter-output>
        </test-method> <!-- runScenario -->
        <test-method signature="runScenario(io.cucumber.testng.PickleWrapper,io.cucumber.testng.FeatureWrapper)[pri:0, instance:runner.TestRunner@1725dc0f]" started-at="2025-07-23T16:25:12 MDT" name="runScenario" description="Runs Cucumber Scenarios" data-provider="scenarios" finished-at="2025-07-23T16:25:16 MDT" duration-ms="3805" status="PASS">
          <params>
            <param index="0">
              <value>
                <![CDATA["Verify navigation to "Tree" introduction page from dropdown options after sign-in"]]>
              </value>
            </param>
            <param index="1">
              <value>
                <![CDATA["DS Algo Portal - Home Page and Navigation"]]>
              </value>
            </param>
          </params>
          <reporter-output>
          </reporter-output>
        </test-method> <!-- runScenario -->
        <test-method signature="runScenario(io.cucumber.testng.PickleWrapper,io.cucumber.testng.FeatureWrapper)[pri:0, instance:runner.TestRunner@1725dc0f]" started-at="2025-07-23T16:25:16 MDT" name="runScenario" description="Runs Cucumber Scenarios" data-provider="scenarios" finished-at="2025-07-23T16:25:20 MDT" duration-ms="3692" status="PASS">
          <params>
            <param index="0">
              <value>
                <![CDATA["Verify navigation to "Graph" introduction page from dropdown options after sign-in"]]>
              </value>
            </param>
            <param index="1">
              <value>
                <![CDATA["DS Algo Portal - Home Page and Navigation"]]>
              </value>
            </param>
          </params>
          <reporter-output>
          </reporter-output>
        </test-method> <!-- runScenario -->
        <test-method signature="runScenario(io.cucumber.testng.PickleWrapper,io.cucumber.testng.FeatureWrapper)[pri:0, instance:runner.TestRunner@1725dc0f]" started-at="2025-07-23T16:25:20 MDT" name="runScenario" description="Runs Cucumber Scenarios" data-provider="scenarios" finished-at="2025-07-23T16:25:23 MDT" duration-ms="3360" status="PASS">
          <params>
            <param index="0">
              <value>
                <![CDATA["Verify navigation to introduction page on clicking "Data Structures-Introduction" Get Started button after sign-in"]]>
              </value>
            </param>
            <param index="1">
              <value>
                <![CDATA["DS Algo Portal - Home Page and Navigation"]]>
              </value>
            </param>
          </params>
          <reporter-output>
          </reporter-output>
        </test-method> <!-- runScenario -->
        <test-method signature="runScenario(io.cucumber.testng.PickleWrapper,io.cucumber.testng.FeatureWrapper)[pri:0, instance:runner.TestRunner@1725dc0f]" started-at="2025-07-23T16:25:23 MDT" name="runScenario" description="Runs Cucumber Scenarios" data-provider="scenarios" finished-at="2025-07-23T16:25:26 MDT" duration-ms="3360" status="PASS">
          <params>
            <param index="0">
              <value>
                <![CDATA["Verify navigation to introduction page on clicking "Array" Get Started button after sign-in"]]>
              </value>
            </param>
            <param index="1">
              <value>
                <![CDATA["DS Algo Portal - Home Page and Navigation"]]>
              </value>
            </param>
          </params>
          <reporter-output>
          </reporter-output>
        </test-method> <!-- runScenario -->
        <test-method signature="runScenario(io.cucumber.testng.PickleWrapper,io.cucumber.testng.FeatureWrapper)[pri:0, instance:runner.TestRunner@1725dc0f]" started-at="2025-07-23T16:25:26 MDT" name="runScenario" description="Runs Cucumber Scenarios" data-provider="scenarios" finished-at="2025-07-23T16:25:30 MDT" duration-ms="3548" status="PASS">
          <params>
            <param index="0">
              <value>
                <![CDATA["Verify navigation to introduction page on clicking "Linked List" Get Started button after sign-in"]]>
              </value>
            </param>
            <param index="1">
              <value>
                <![CDATA["DS Algo Portal - Home Page and Navigation"]]>
              </value>
            </param>
          </params>
          <reporter-output>
          </reporter-output>
        </test-method> <!-- runScenario -->
        <test-method signature="runScenario(io.cucumber.testng.PickleWrapper,io.cucumber.testng.FeatureWrapper)[pri:0, instance:runner.TestRunner@1725dc0f]" started-at="2025-07-23T16:25:30 MDT" name="runScenario" description="Runs Cucumber Scenarios" data-provider="scenarios" finished-at="2025-07-23T16:25:33 MDT" duration-ms="3339" status="PASS">
          <params>
            <param index="0">
              <value>
                <![CDATA["Verify navigation to introduction page on clicking "Stack" Get Started button after sign-in"]]>
              </value>
            </param>
            <param index="1">
              <value>
                <![CDATA["DS Algo Portal - Home Page and Navigation"]]>
              </value>
            </param>
          </params>
          <reporter-output>
          </reporter-output>
        </test-method> <!-- runScenario -->
        <test-method signature="runScenario(io.cucumber.testng.PickleWrapper,io.cucumber.testng.FeatureWrapper)[pri:0, instance:runner.TestRunner@1725dc0f]" started-at="2025-07-23T16:25:33 MDT" name="runScenario" description="Runs Cucumber Scenarios" data-provider="scenarios" finished-at="2025-07-23T16:25:37 MDT" duration-ms="3351" status="PASS">
          <params>
            <param index="0">
              <value>
                <![CDATA["Verify navigation to introduction page on clicking "Queue" Get Started button after sign-in"]]>
              </value>
            </param>
            <param index="1">
              <value>
                <![CDATA["DS Algo Portal - Home Page and Navigation"]]>
              </value>
            </param>
          </params>
          <reporter-output>
          </reporter-output>
        </test-method> <!-- runScenario -->
        <test-method signature="runScenario(io.cucumber.testng.PickleWrapper,io.cucumber.testng.FeatureWrapper)[pri:0, instance:runner.TestRunner@1725dc0f]" started-at="2025-07-23T16:25:37 MDT" name="runScenario" description="Runs Cucumber Scenarios" data-provider="scenarios" finished-at="2025-07-23T16:25:40 MDT" duration-ms="3402" status="PASS">
          <params>
            <param index="0">
              <value>
                <![CDATA["Verify navigation to introduction page on clicking "Tree" Get Started button after sign-in"]]>
              </value>
            </param>
            <param index="1">
              <value>
                <![CDATA["DS Algo Portal - Home Page and Navigation"]]>
              </value>
            </param>
          </params>
          <reporter-output>
          </reporter-output>
        </test-method> <!-- runScenario -->
        <test-method signature="runScenario(io.cucumber.testng.PickleWrapper,io.cucumber.testng.FeatureWrapper)[pri:0, instance:runner.TestRunner@1725dc0f]" started-at="2025-07-23T16:25:40 MDT" name="runScenario" description="Runs Cucumber Scenarios" data-provider="scenarios" finished-at="2025-07-23T16:25:43 MDT" duration-ms="3257" status="PASS">
          <params>
            <param index="0">
              <value>
                <![CDATA["Verify navigation to introduction page on clicking "Graph" Get Started button after sign-in"]]>
              </value>
            </param>
            <param index="1">
              <value>
                <![CDATA["DS Algo Portal - Home Page and Navigation"]]>
              </value>
            </param>
          </params>
          <reporter-output>
          </reporter-output>
        </test-method> <!-- runScenario -->
        <test-method is-config="true" signature="tearDownClass()[pri:0, instance:runner.TestRunner@1725dc0f]" started-at="2025-07-23T16:25:43 MDT" name="tearDownClass" finished-at="2025-07-23T16:25:43 MDT" duration-ms="12" status="PASS">
          <reporter-output>
          </reporter-output>
        </test-method> <!-- tearDownClass -->
      </class> <!-- runner.TestRunner -->
    </test> <!-- Surefire test -->
  </suite> <!-- Surefire suite -->
</testng-results>
