<?xml version="1.0" encoding="UTF-8"?>
<testsuite xmlns:xsi="http://www.w3.org/2001/XMLSchema-instance" xsi:noNamespaceSchemaLocation="https://maven.apache.org/surefire/maven-surefire-plugin/xsd/surefire-test-report-3.0.xsd" version="3.0" name="runner.TestRunner" time="4.376" tests="1" errors="0" skipped="0" failures="0">
  <properties>
[...]
</properties>
  <testcase name="runScenario[&quot;Verify that the user is able to open the DS Algo portal&quot;, &quot;HomePage&quot;](1)" classname="runner.TestRunner" time="3.493">
    <system-out><![CDATA[
Scenario: Verify that the user is able to open the DS Algo portal                     # src/test/resources/features/HomePage.feature:15
Browser session started successfully.
  Given the user has opened the browser                                               # stepdefinition.HomePageSteps.the_user_has_opened_the_browser()
  When the user enters the correct DS Algo portal URL                                 # stepdefinition.HomePageSteps.the_user_enters_the_correct_ds_algo_portal_url()
Button text matches: Get Started
  Then the user should land on the DS Algo portal with a "Get Started" button visible # stepdefinition.HomePageSteps.the_user_should_land_on_the_ds_algo_portal_with_a_button_visible(java.lang.String)
]]></system-out>
    <system-err><![CDATA[SLF4J: Failed to load class "org.slf4j.impl.StaticLoggerBinder".
SLF4J: Defaulting to no-operation (NOP) logger implementation
SLF4J: See http://www.slf4j.org/codes.html#StaticLoggerBinder for further details.
Jun 09, 2025 12:38:13 PM org.openqa.selenium.devtools.CdpVersionFinder findNearestMatch
WARNING: Unable to find an exact match for CDP version 137, returning the closest version; found: 135; Please update to a Selenium version that supports CDP version 137
]]></system-err>
  </testcase>
</testsuite>