<?xml version="1.0" encoding="UTF-8"?>
<testng-results ignored="0" total="30" passed="30" failed="0" skipped="0">
  <reporter-output>
  </reporter-output>
  <suite started-at="2025-06-17T10:58:44 MDT" name="Surefire suite" finished-at="2025-06-17T11:00:14 MDT" duration-ms="90089">
    <groups>
      <group name="cucumber">
        <method signature="AbstractTestNGCucumberTests.runScenario(io.cucumber.testng.PickleWrapper,io.cucumber.testng.FeatureWrapper)[pri:0, instance:runner.TestRunner@6580cfdd]" name="runScenario" class="io.cucumber.testng.AbstractTestNGCucumberTests"/>
      </group> <!-- cucumber -->
    </groups>
    <test started-at="2025-06-17T10:58:44 MDT" name="Surefire test" finished-at="2025-06-17T11:00:14 MDT" duration-ms="90089">
      <class name="runner.TestRunner">
        <test-method is-config="true" signature="setUpClass(org.testng.ITestContext)[pri:0, instance:runner.TestRunner@6580cfdd]" started-at="2025-06-17T10:58:44 MDT" name="setUpClass" finished-at="2025-06-17T10:58:45 MDT" duration-ms="435" status="PASS">
          <params>
            <param index="0">
              <value>
                <![CDATA[org.testng.TestRunner@9f1ca74]]>
              </value>
            </param>
          </params>
          <reporter-output>
          </reporter-output>
        </test-method> <!-- setUpClass -->
        <test-method signature="runScenario(io.cucumber.testng.PickleWrapper,io.cucumber.testng.FeatureWrapper)[pri:0, instance:runner.TestRunner@6580cfdd]" started-at="2025-06-17T10:58:45 MDT" name="runScenario" description="Runs Cucumber Scenarios" data-provider="scenarios" finished-at="2025-06-17T10:58:47 MDT" duration-ms="2549" status="PASS">
          <params>
            <param index="0">
              <value>
                <![CDATA["Verify the user can open the DS Algo portal"]]>
              </value>
            </param>
            <param index="1">
              <value>
                <![CDATA["DS Algo Portal - Home Page and Navigation"]]>
              </value>
            </param>
          </params>
          <reporter-output>
          </reporter-output>
        </test-method> <!-- runScenario -->
        <test-method signature="runScenario(io.cucumber.testng.PickleWrapper,io.cucumber.testng.FeatureWrapper)[pri:0, instance:runner.TestRunner@6580cfdd]" started-at="2025-06-17T10:58:47 MDT" name="runScenario" description="Runs Cucumber Scenarios" data-provider="scenarios" finished-at="2025-06-17T10:58:50 MDT" duration-ms="2352" status="PASS">
          <params>
            <param index="0">
              <value>
                <![CDATA["Verify the Home page for a user without signing in"]]>
              </value>
            </param>
            <param index="1">
              <value>
                <![CDATA["DS Algo Portal - Home Page and Navigation"]]>
              </value>
            </param>
          </params>
          <reporter-output>
          </reporter-output>
        </test-method> <!-- runScenario -->
        <test-method signature="runScenario(io.cucumber.testng.PickleWrapper,io.cucumber.testng.FeatureWrapper)[pri:0, instance:runner.TestRunner@6580cfdd]" started-at="2025-06-17T10:58:50 MDT" name="runScenario" description="Runs Cucumber Scenarios" data-provider="scenarios" finished-at="2025-06-17T10:58:52 MDT" duration-ms="2506" status="PASS">
          <params>
            <param index="0">
              <value>
                <![CDATA["Verify the user is able to navigate to the Register page without signing in"]]>
              </value>
            </param>
            <param index="1">
              <value>
                <![CDATA["DS Algo Portal - Home Page and Navigation"]]>
              </value>
            </param>
          </params>
          <reporter-output>
          </reporter-output>
        </test-method> <!-- runScenario -->
        <test-method signature="runScenario(io.cucumber.testng.PickleWrapper,io.cucumber.testng.FeatureWrapper)[pri:0, instance:runner.TestRunner@6580cfdd]" started-at="2025-06-17T10:58:52 MDT" name="runScenario" description="Runs Cucumber Scenarios" data-provider="scenarios" finished-at="2025-06-17T10:58:54 MDT" duration-ms="2403" status="PASS">
          <params>
            <param index="0">
              <value>
                <![CDATA["Verify the user is able to navigate to the Sign-in page without signing in"]]>
              </value>
            </param>
            <param index="1">
              <value>
                <![CDATA["DS Algo Portal - Home Page and Navigation"]]>
              </value>
            </param>
          </params>
          <reporter-output>
          </reporter-output>
        </test-method> <!-- runScenario -->
        <test-method signature="runScenario(io.cucumber.testng.PickleWrapper,io.cucumber.testng.FeatureWrapper)[pri:0, instance:runner.TestRunner@6580cfdd]" started-at="2025-06-17T10:58:54 MDT" name="runScenario" description="Runs Cucumber Scenarios" data-provider="scenarios" finished-at="2025-06-17T10:58:57 MDT" duration-ms="2577" status="PASS">
          <params>
            <param index="0">
              <value>
                <![CDATA["Verify that user able to see warning message when selecting  from dropdown without signing in"]]>
              </value>
            </param>
            <param index="1">
              <value>
                <![CDATA["DS Algo Portal - Home Page and Navigation"]]>
              </value>
            </param>
          </params>
          <reporter-output>
          </reporter-output>
        </test-method> <!-- runScenario -->
        <test-method signature="runScenario(io.cucumber.testng.PickleWrapper,io.cucumber.testng.FeatureWrapper)[pri:0, instance:runner.TestRunner@6580cfdd]" started-at="2025-06-17T10:58:57 MDT" name="runScenario" description="Runs Cucumber Scenarios" data-provider="scenarios" finished-at="2025-06-17T10:59:00 MDT" duration-ms="2563" status="PASS">
          <params>
            <param index="0">
              <value>
                <![CDATA["Verify that user able to see warning message when selecting  from dropdown without signing in"]]>
              </value>
            </param>
            <param index="1">
              <value>
                <![CDATA["DS Algo Portal - Home Page and Navigation"]]>
              </value>
            </param>
          </params>
          <reporter-output>
          </reporter-output>
        </test-method> <!-- runScenario -->
        <test-method signature="runScenario(io.cucumber.testng.PickleWrapper,io.cucumber.testng.FeatureWrapper)[pri:0, instance:runner.TestRunner@6580cfdd]" started-at="2025-06-17T10:59:00 MDT" name="runScenario" description="Runs Cucumber Scenarios" data-provider="scenarios" finished-at="2025-06-17T10:59:02 MDT" duration-ms="2645" status="PASS">
          <params>
            <param index="0">
              <value>
                <![CDATA["Verify that user able to see warning message when selecting  from dropdown without signing in"]]>
              </value>
            </param>
            <param index="1">
              <value>
                <![CDATA["DS Algo Portal - Home Page and Navigation"]]>
              </value>
            </param>
          </params>
          <reporter-output>
          </reporter-output>
        </test-method> <!-- runScenario -->
        <test-method signature="runScenario(io.cucumber.testng.PickleWrapper,io.cucumber.testng.FeatureWrapper)[pri:0, instance:runner.TestRunner@6580cfdd]" started-at="2025-06-17T10:59:02 MDT" name="runScenario" description="Runs Cucumber Scenarios" data-provider="scenarios" finished-at="2025-06-17T10:59:05 MDT" duration-ms="2616" status="PASS">
          <params>
            <param index="0">
              <value>
                <![CDATA["Verify that user able to see warning message when selecting  from dropdown without signing in"]]>
              </value>
            </param>
            <param index="1">
              <value>
                <![CDATA["DS Algo Portal - Home Page and Navigation"]]>
              </value>
            </param>
          </params>
          <reporter-output>
          </reporter-output>
        </test-method> <!-- runScenario -->
        <test-method signature="runScenario(io.cucumber.testng.PickleWrapper,io.cucumber.testng.FeatureWrapper)[pri:0, instance:runner.TestRunner@6580cfdd]" started-at="2025-06-17T10:59:05 MDT" name="runScenario" description="Runs Cucumber Scenarios" data-provider="scenarios" finished-at="2025-06-17T10:59:07 MDT" duration-ms="2609" status="PASS">
          <params>
            <param index="0">
              <value>
                <![CDATA["Verify that user able to see warning message when selecting  from dropdown without signing in"]]>
              </value>
            </param>
            <param index="1">
              <value>
                <![CDATA["DS Algo Portal - Home Page and Navigation"]]>
              </value>
            </param>
          </params>
          <reporter-output>
          </reporter-output>
        </test-method> <!-- runScenario -->
        <test-method signature="runScenario(io.cucumber.testng.PickleWrapper,io.cucumber.testng.FeatureWrapper)[pri:0, instance:runner.TestRunner@6580cfdd]" started-at="2025-06-17T10:59:07 MDT" name="runScenario" description="Runs Cucumber Scenarios" data-provider="scenarios" finished-at="2025-06-17T10:59:10 MDT" duration-ms="2557" status="PASS">
          <params>
            <param index="0">
              <value>
                <![CDATA["Verify that user able to see warning message when selecting  from dropdown without signing in"]]>
              </value>
            </param>
            <param index="1">
              <value>
                <![CDATA["DS Algo Portal - Home Page and Navigation"]]>
              </value>
            </param>
          </params>
          <reporter-output>
          </reporter-output>
        </test-method> <!-- runScenario -->
        <test-method signature="runScenario(io.cucumber.testng.PickleWrapper,io.cucumber.testng.FeatureWrapper)[pri:0, instance:runner.TestRunner@6580cfdd]" started-at="2025-06-17T10:59:10 MDT" name="runScenario" description="Runs Cucumber Scenarios" data-provider="scenarios" finished-at="2025-06-17T10:59:13 MDT" duration-ms="2584" status="PASS">
          <params>
            <param index="0">
              <value>
                <![CDATA["Verify that user able to see warning message on clicking  "Data Structures-Introduction" Get Started button without signing in"]]>
              </value>
            </param>
            <param index="1">
              <value>
                <![CDATA["DS Algo Portal - Home Page and Navigation"]]>
              </value>
            </param>
          </params>
          <reporter-output>
          </reporter-output>
        </test-method> <!-- runScenario -->
        <test-method signature="runScenario(io.cucumber.testng.PickleWrapper,io.cucumber.testng.FeatureWrapper)[pri:0, instance:runner.TestRunner@6580cfdd]" started-at="2025-06-17T10:59:13 MDT" name="runScenario" description="Runs Cucumber Scenarios" data-provider="scenarios" finished-at="2025-06-17T10:59:15 MDT" duration-ms="2567" status="PASS">
          <params>
            <param index="0">
              <value>
                <![CDATA["Verify that user able to see warning message on clicking  "Array" Get Started button without signing in"]]>
              </value>
            </param>
            <param index="1">
              <value>
                <![CDATA["DS Algo Portal - Home Page and Navigation"]]>
              </value>
            </param>
          </params>
          <reporter-output>
          </reporter-output>
        </test-method> <!-- runScenario -->
        <test-method signature="runScenario(io.cucumber.testng.PickleWrapper,io.cucumber.testng.FeatureWrapper)[pri:0, instance:runner.TestRunner@6580cfdd]" started-at="2025-06-17T10:59:15 MDT" name="runScenario" description="Runs Cucumber Scenarios" data-provider="scenarios" finished-at="2025-06-17T10:59:18 MDT" duration-ms="2528" status="PASS">
          <params>
            <param index="0">
              <value>
                <![CDATA["Verify that user able to see warning message on clicking  "Linked List" Get Started button without signing in"]]>
              </value>
            </param>
            <param index="1">
              <value>
                <![CDATA["DS Algo Portal - Home Page and Navigation"]]>
              </value>
            </param>
          </params>
          <reporter-output>
          </reporter-output>
        </test-method> <!-- runScenario -->
        <test-method signature="runScenario(io.cucumber.testng.PickleWrapper,io.cucumber.testng.FeatureWrapper)[pri:0, instance:runner.TestRunner@6580cfdd]" started-at="2025-06-17T10:59:18 MDT" name="runScenario" description="Runs Cucumber Scenarios" data-provider="scenarios" finished-at="2025-06-17T10:59:20 MDT" duration-ms="2586" status="PASS">
          <params>
            <param index="0">
              <value>
                <![CDATA["Verify that user able to see warning message on clicking  "Stack" Get Started button without signing in"]]>
              </value>
            </param>
            <param index="1">
              <value>
                <![CDATA["DS Algo Portal - Home Page and Navigation"]]>
              </value>
            </param>
          </params>
          <reporter-output>
          </reporter-output>
        </test-method> <!-- runScenario -->
        <test-method signature="runScenario(io.cucumber.testng.PickleWrapper,io.cucumber.testng.FeatureWrapper)[pri:0, instance:runner.TestRunner@6580cfdd]" started-at="2025-06-17T10:59:20 MDT" name="runScenario" description="Runs Cucumber Scenarios" data-provider="scenarios" finished-at="2025-06-17T10:59:23 MDT" duration-ms="2509" status="PASS">
          <params>
            <param index="0">
              <value>
                <![CDATA["Verify that user able to see warning message on clicking  "Queue" Get Started button without signing in"]]>
              </value>
            </param>
            <param index="1">
              <value>
                <![CDATA["DS Algo Portal - Home Page and Navigation"]]>
              </value>
            </param>
          </params>
          <reporter-output>
          </reporter-output>
        </test-method> <!-- runScenario -->
        <test-method signature="runScenario(io.cucumber.testng.PickleWrapper,io.cucumber.testng.FeatureWrapper)[pri:0, instance:runner.TestRunner@6580cfdd]" started-at="2025-06-17T10:59:23 MDT" name="runScenario" description="Runs Cucumber Scenarios" data-provider="scenarios" finished-at="2025-06-17T10:59:25 MDT" duration-ms="2523" status="PASS">
          <params>
            <param index="0">
              <value>
                <![CDATA["Verify that user able to see warning message on clicking  "Tree" Get Started button without signing in"]]>
              </value>
            </param>
            <param index="1">
              <value>
                <![CDATA["DS Algo Portal - Home Page and Navigation"]]>
              </value>
            </param>
          </params>
          <reporter-output>
          </reporter-output>
        </test-method> <!-- runScenario -->
        <test-method signature="runScenario(io.cucumber.testng.PickleWrapper,io.cucumber.testng.FeatureWrapper)[pri:0, instance:runner.TestRunner@6580cfdd]" started-at="2025-06-17T10:59:25 MDT" name="runScenario" description="Runs Cucumber Scenarios" data-provider="scenarios" finished-at="2025-06-17T10:59:28 MDT" duration-ms="2528" status="PASS">
          <params>
            <param index="0">
              <value>
                <![CDATA["Verify that user able to see warning message on clicking  "Graph" Get Started button without signing in"]]>
              </value>
            </param>
            <param index="1">
              <value>
                <![CDATA["DS Algo Portal - Home Page and Navigation"]]>
              </value>
            </param>
          </params>
          <reporter-output>
          </reporter-output>
        </test-method> <!-- runScenario -->
        <test-method signature="runScenario(io.cucumber.testng.PickleWrapper,io.cucumber.testng.FeatureWrapper)[pri:0, instance:runner.TestRunner@6580cfdd]" started-at="2025-06-17T10:59:28 MDT" name="runScenario" description="Runs Cucumber Scenarios" data-provider="scenarios" finished-at="2025-06-17T10:59:31 MDT" duration-ms="3535" status="PASS">
          <params>
            <param index="0">
              <value>
                <![CDATA["Verify navigation to introduction page from dropdown options after sign-in"]]>
              </value>
            </param>
            <param index="1">
              <value>
                <![CDATA["DS Algo Portal - Home Page and Navigation"]]>
              </value>
            </param>
          </params>
          <reporter-output>
          </reporter-output>
        </test-method> <!-- runScenario -->
        <test-method signature="runScenario(io.cucumber.testng.PickleWrapper,io.cucumber.testng.FeatureWrapper)[pri:0, instance:runner.TestRunner@6580cfdd]" started-at="2025-06-17T10:59:31 MDT" name="runScenario" description="Runs Cucumber Scenarios" data-provider="scenarios" finished-at="2025-06-17T10:59:35 MDT" duration-ms="3601" status="PASS">
          <params>
            <param index="0">
              <value>
                <![CDATA["Verify navigation to introduction page from dropdown options after sign-in"]]>
              </value>
            </param>
            <param index="1">
              <value>
                <![CDATA["DS Algo Portal - Home Page and Navigation"]]>
              </value>
            </param>
          </params>
          <reporter-output>
          </reporter-output>
        </test-method> <!-- runScenario -->
        <test-method signature="runScenario(io.cucumber.testng.PickleWrapper,io.cucumber.testng.FeatureWrapper)[pri:0, instance:runner.TestRunner@6580cfdd]" started-at="2025-06-17T10:59:35 MDT" name="runScenario" description="Runs Cucumber Scenarios" data-provider="scenarios" finished-at="2025-06-17T10:59:39 MDT" duration-ms="3675" status="PASS">
          <params>
            <param index="0">
              <value>
                <![CDATA["Verify navigation to introduction page from dropdown options after sign-in"]]>
              </value>
            </param>
            <param index="1">
              <value>
                <![CDATA["DS Algo Portal - Home Page and Navigation"]]>
              </value>
            </param>
          </params>
          <reporter-output>
          </reporter-output>
        </test-method> <!-- runScenario -->
        <test-method signature="runScenario(io.cucumber.testng.PickleWrapper,io.cucumber.testng.FeatureWrapper)[pri:0, instance:runner.TestRunner@6580cfdd]" started-at="2025-06-17T10:59:39 MDT" name="runScenario" description="Runs Cucumber Scenarios" data-provider="scenarios" finished-at="2025-06-17T10:59:42 MDT" duration-ms="3468" status="PASS">
          <params>
            <param index="0">
              <value>
                <![CDATA["Verify navigation to introduction page from dropdown options after sign-in"]]>
              </value>
            </param>
            <param index="1">
              <value>
                <![CDATA["DS Algo Portal - Home Page and Navigation"]]>
              </value>
            </param>
          </params>
          <reporter-output>
          </reporter-output>
        </test-method> <!-- runScenario -->
        <test-method signature="runScenario(io.cucumber.testng.PickleWrapper,io.cucumber.testng.FeatureWrapper)[pri:0, instance:runner.TestRunner@6580cfdd]" started-at="2025-06-17T10:59:42 MDT" name="runScenario" description="Runs Cucumber Scenarios" data-provider="scenarios" finished-at="2025-06-17T10:59:46 MDT" duration-ms="3585" status="PASS">
          <params>
            <param index="0">
              <value>
                <![CDATA["Verify navigation to introduction page from dropdown options after sign-in"]]>
              </value>
            </param>
            <param index="1">
              <value>
                <![CDATA["DS Algo Portal - Home Page and Navigation"]]>
              </value>
            </param>
          </params>
          <reporter-output>
          </reporter-output>
        </test-method> <!-- runScenario -->
        <test-method signature="runScenario(io.cucumber.testng.PickleWrapper,io.cucumber.testng.FeatureWrapper)[pri:0, instance:runner.TestRunner@6580cfdd]" started-at="2025-06-17T10:59:46 MDT" name="runScenario" description="Runs Cucumber Scenarios" data-provider="scenarios" finished-at="2025-06-17T10:59:50 MDT" duration-ms="3810" status="PASS">
          <params>
            <param index="0">
              <value>
                <![CDATA["Verify navigation to introduction page from dropdown options after sign-in"]]>
              </value>
            </param>
            <param index="1">
              <value>
                <![CDATA["DS Algo Portal - Home Page and Navigation"]]>
              </value>
            </param>
          </params>
          <reporter-output>
          </reporter-output>
        </test-method> <!-- runScenario -->
        <test-method signature="runScenario(io.cucumber.testng.PickleWrapper,io.cucumber.testng.FeatureWrapper)[pri:0, instance:runner.TestRunner@6580cfdd]" started-at="2025-06-17T10:59:50 MDT" name="runScenario" description="Runs Cucumber Scenarios" data-provider="scenarios" finished-at="2025-06-17T10:59:53 MDT" duration-ms="3323" status="PASS">
          <params>
            <param index="0">
              <value>
                <![CDATA["Verify navigation to introduction page on clicking "Data Structures-Introduction" Get Started button after sign-in"]]>
              </value>
            </param>
            <param index="1">
              <value>
                <![CDATA["DS Algo Portal - Home Page and Navigation"]]>
              </value>
            </param>
          </params>
          <reporter-output>
          </reporter-output>
        </test-method> <!-- runScenario -->
        <test-method signature="runScenario(io.cucumber.testng.PickleWrapper,io.cucumber.testng.FeatureWrapper)[pri:0, instance:runner.TestRunner@6580cfdd]" started-at="2025-06-17T10:59:53 MDT" name="runScenario" description="Runs Cucumber Scenarios" data-provider="scenarios" finished-at="2025-06-17T10:59:56 MDT" duration-ms="3639" status="PASS">
          <params>
            <param index="0">
              <value>
                <![CDATA["Verify navigation to introduction page on clicking "Array" Get Started button after sign-in"]]>
              </value>
            </param>
            <param index="1">
              <value>
                <![CDATA["DS Algo Portal - Home Page and Navigation"]]>
              </value>
            </param>
          </params>
          <reporter-output>
          </reporter-output>
        </test-method> <!-- runScenario -->
        <test-method signature="runScenario(io.cucumber.testng.PickleWrapper,io.cucumber.testng.FeatureWrapper)[pri:0, instance:runner.TestRunner@6580cfdd]" started-at="2025-06-17T10:59:56 MDT" name="runScenario" description="Runs Cucumber Scenarios" data-provider="scenarios" finished-at="2025-06-17T11:00:00 MDT" duration-ms="3722" status="PASS">
          <params>
            <param index="0">
              <value>
                <![CDATA["Verify navigation to introduction page on clicking "Linked List" Get Started button after sign-in"]]>
              </value>
            </param>
            <param index="1">
              <value>
                <![CDATA["DS Algo Portal - Home Page and Navigation"]]>
              </value>
            </param>
          </params>
          <reporter-output>
          </reporter-output>
        </test-method> <!-- runScenario -->
        <test-method signature="runScenario(io.cucumber.testng.PickleWrapper,io.cucumber.testng.FeatureWrapper)[pri:0, instance:runner.TestRunner@6580cfdd]" started-at="2025-06-17T11:00:00 MDT" name="runScenario" description="Runs Cucumber Scenarios" data-provider="scenarios" finished-at="2025-06-17T11:00:04 MDT" duration-ms="3537" status="PASS">
          <params>
            <param index="0">
              <value>
                <![CDATA["Verify navigation to introduction page on clicking "Stack" Get Started button after sign-in"]]>
              </value>
            </param>
            <param index="1">
              <value>
                <![CDATA["DS Algo Portal - Home Page and Navigation"]]>
              </value>
            </param>
          </params>
          <reporter-output>
          </reporter-output>
        </test-method> <!-- runScenario -->
        <test-method signature="runScenario(io.cucumber.testng.PickleWrapper,io.cucumber.testng.FeatureWrapper)[pri:0, instance:runner.TestRunner@6580cfdd]" started-at="2025-06-17T11:00:04 MDT" name="runScenario" description="Runs Cucumber Scenarios" data-provider="scenarios" finished-at="2025-06-17T11:00:07 MDT" duration-ms="3466" status="PASS">
          <params>
            <param index="0">
              <value>
                <![CDATA["Verify navigation to introduction page on clicking "Queue" Get Started button after sign-in"]]>
              </value>
            </param>
            <param index="1">
              <value>
                <![CDATA["DS Algo Portal - Home Page and Navigation"]]>
              </value>
            </param>
          </params>
          <reporter-output>
          </reporter-output>
        </test-method> <!-- runScenario -->
        <test-method signature="runScenario(io.cucumber.testng.PickleWrapper,io.cucumber.testng.FeatureWrapper)[pri:0, instance:runner.TestRunner@6580cfdd]" started-at="2025-06-17T11:00:07 MDT" name="runScenario" description="Runs Cucumber Scenarios" data-provider="scenarios" finished-at="2025-06-17T11:00:11 MDT" duration-ms="3429" status="PASS">
          <params>
            <param index="0">
              <value>
                <![CDATA["Verify navigation to introduction page on clicking "Tree" Get Started button after sign-in"]]>
              </value>
            </param>
            <param index="1">
              <value>
                <![CDATA["DS Algo Portal - Home Page and Navigation"]]>
              </value>
            </param>
          </params>
          <reporter-output>
          </reporter-output>
        </test-method> <!-- runScenario -->
        <test-method signature="runScenario(io.cucumber.testng.PickleWrapper,io.cucumber.testng.FeatureWrapper)[pri:0, instance:runner.TestRunner@6580cfdd]" started-at="2025-06-17T11:00:11 MDT" name="runScenario" description="Runs Cucumber Scenarios" data-provider="scenarios" finished-at="2025-06-17T11:00:14 MDT" duration-ms="3600" status="PASS">
          <params>
            <param index="0">
              <value>
                <![CDATA["Verify navigation to introduction page on clicking "Graph" Get Started button after sign-in"]]>
              </value>
            </param>
            <param index="1">
              <value>
                <![CDATA["DS Algo Portal - Home Page and Navigation"]]>
              </value>
            </param>
          </params>
          <reporter-output>
          </reporter-output>
        </test-method> <!-- runScenario -->
        <test-method is-config="true" signature="tearDownClass()[pri:0, instance:runner.TestRunner@6580cfdd]" started-at="2025-06-17T11:00:14 MDT" name="tearDownClass" finished-at="2025-06-17T11:00:14 MDT" duration-ms="14" status="PASS">
          <reporter-output>
          </reporter-output>
        </test-method> <!-- tearDownClass -->
      </class> <!-- runner.TestRunner -->
    </test> <!-- Surefire test -->
  </suite> <!-- Surefire suite -->
</testng-results>
